149c start_logger              154 ---- 2023/10/04 18:38:28.587 -------------------------------------------------
149c start_logger              160 Host process is 'cmd.exe' (pid 5276)
149c start_logger              164 DLL path is 'C:\laragon\bin\cmder\vendor\clink'
149c start_logger              178 Windows version 10.0.18362 (x64)
149c start_logger              181 Clink version 1.2.46.69fc92 (x64)
149c hook_setter::hook_setter  156 >>> Started hook transaction.
149c hook_setter::attach_iat   313 Attempting to hook SetEnvironmentVariableW in IAT for module 00007FF6139E0000.
149c pe_info::iterate_imports  160 Found import in 'api-ms-win-core-processenvironment-l1-1-0.dll'
149c find_iat                  121 Found import at 00007FF613A11830 (value is 00007FFC2BAAB090).
149c hook_setter::attach_iat   313 Attempting to hook WriteConsoleW in IAT for module 00007FF6139E0000.
149c pe_info::iterate_imports  160 Found import in 'api-ms-win-core-console-l1-1-0.dll'
149c find_iat                  121 Found import at 00007FF613A114C8 (value is 00007FFC2BA54B60).
149c hook_setter::attach_iat   313 Attempting to hook GetEnvironmentVariableW in IAT for module 00007FF6139E0000.
149c pe_info::iterate_imports  160 Found import in 'api-ms-win-core-processenvironment-l1-1-0.dll'
149c find_iat                  121 Found import at 00007FF613A11850 (value is 00007FFC2BA6E630).
149c hook_setter::commit       204 <<< Hook transaction committed.
149c hook_setter::hook_setter  156 >>> Started hook transaction.
149c hook_setter::detach_iat   356 Attempting to unhook 00007FFBDA64ADF0 from GetEnvironmentVariableW in IAT for module 00007FF6139E0000.
149c pe_info::iterate_imports  160 Found import in 'api-ms-win-core-processenvironment-l1-1-0.dll'
149c find_iat                  121 Found import at 00007FF613A11850 (value is 00007FFBDA64ADF0).
149c hook_setter::commit       204 <<< Hook transaction committed.
149c hook_setter::hook_setter  156 >>> Started hook transaction.
149c hook_setter::attach_iat   313 Attempting to hook ReadConsoleW in IAT for module 00007FF6139E0000.
149c pe_info::iterate_imports  160 Found import in 'api-ms-win-core-console-l1-1-0.dll'
149c find_iat                  121 Found import at 00007FF613A114B0 (value is 00007FFC2BB341C0).
149c hook_setter::commit       204 <<< Hook transaction committed.
149c reset_handle              145 resetting mismatched stdout handle
149c win_screen_buffer::begin  227 Using native terminal support; found 'ConEmuHk64.dll'.
149c history_db::initialise   1268 master bank ctag: |CTAG_1663167284_18455859_4204_0
149c history_db::compact      1492 History:  0 active, 0 deleted
